mode: set
moviedata.com/cmd/sizecompare/main.go:27.13,29.16 2 0
moviedata.com/cmd/sizecompare/main.go:29.16,30.13 1 0
moviedata.com/cmd/sizecompare/main.go:33.2,34.16 2 0
moviedata.com/cmd/sizecompare/main.go:34.16,35.13 1 0
moviedata.com/cmd/sizecompare/main.go:38.2,39.16 2 0
moviedata.com/cmd/sizecompare/main.go:39.16,40.13 1 0
moviedata.com/cmd/sizecompare/main.go:43.2,45.46 3 0
moviedata.com/cmd/sizecompare/main.go:48.57,50.2 1 0
moviedata.com/cmd/sizecompare/main.go:52.56,54.2 1 0
moviedata.com/cmd/sizecompare/main.go:56.56,58.2 1 0
moviedata.com/metadata/internal/controller/metadata/controller.go:21.47,23.2 1 1
moviedata.com/metadata/internal/controller/metadata/controller.go:25.93,27.58 2 1
moviedata.com/metadata/internal/controller/metadata/controller.go:27.58,29.3 1 1
moviedata.com/metadata/internal/controller/metadata/controller.go:30.2,30.19 1 1
